{"/Users/karemara/Documents/DEV014-movie-challenge-fw/src/components/Loader.tsx": {"path":"/Users/karemara/Documents/DEV014-movie-challenge-fw/src/components/Loader.tsx","statementMap":{"0":{"start":{"line":1,"column":16},"end":{"line":1,"column":null}}},"fnMap":{"0":{"name":"Loader","decl":{"start":{"line":1,"column":16},"end":{"line":1,"column":null}},"loc":{"start":{"line":1,"column":16},"end":{"line":7,"column":null}}}},"branchMap":{},"s":{"0":3},"f":{"0":3},"b":{}}
,"/Users/karemara/Documents/DEV014-movie-challenge-fw/src/components/Navigation.tsx": {"path":"/Users/karemara/Documents/DEV014-movie-challenge-fw/src/components/Navigation.tsx","statementMap":{"0":{"start":{"line":17,"column":16},"end":{"line":17,"column":27}},"1":{"start":{"line":28,"column":23},"end":{"line":28,"column":null}},"2":{"start":{"line":43,"column":14},"end":{"line":43,"column":38}},"3":{"start":{"line":51,"column":27},"end":{"line":51,"column":null}},"4":{"start":{"line":68,"column":14},"end":{"line":68,"column":33}},"5":{"start":{"line":75,"column":27},"end":{"line":75,"column":null}},"6":{"start":{"line":123,"column":27},"end":{"line":123,"column":null}}},"fnMap":{"0":{"name":"Navigation","decl":{"start":{"line":17,"column":16},"end":{"line":17,"column":27}},"loc":{"start":{"line":27,"column":18},"end":{"line":132,"column":null}}},"1":{"name":"(anonymous_2)","decl":{"start":{"line":42,"column":30},"end":{"line":42,"column":31}},"loc":{"start":{"line":43,"column":14},"end":{"line":43,"column":38}}},"2":{"name":"(anonymous_3)","decl":{"start":{"line":51,"column":21},"end":{"line":51,"column":27}},"loc":{"start":{"line":51,"column":27},"end":{"line":51,"column":null}}},"3":{"name":"(anonymous_4)","decl":{"start":{"line":67,"column":29},"end":{"line":67,"column":30}},"loc":{"start":{"line":68,"column":14},"end":{"line":68,"column":33}}},"4":{"name":"(anonymous_5)","decl":{"start":{"line":75,"column":21},"end":{"line":75,"column":27}},"loc":{"start":{"line":75,"column":27},"end":{"line":75,"column":null}}},"5":{"name":"(anonymous_6)","decl":{"start":{"line":123,"column":21},"end":{"line":123,"column":27}},"loc":{"start":{"line":123,"column":27},"end":{"line":123,"column":null}}}},"branchMap":{},"s":{"0":7,"1":7,"2":8,"3":1,"4":102,"5":1,"6":1},"f":{"0":7,"1":8,"2":1,"3":102,"4":1,"5":1},"b":{}}
,"/Users/karemara/Documents/DEV014-movie-challenge-fw/src/components/Pagination.tsx": {"path":"/Users/karemara/Documents/DEV014-movie-challenge-fw/src/components/Pagination.tsx","statementMap":{"0":{"start":{"line":76,"column":0},"end":{"line":76,"column":15}},"1":{"start":{"line":1,"column":18},"end":{"line":1,"column":null}},"2":{"start":{"line":9,"column":45},"end":{"line":74,"column":null}},"3":{"start":{"line":14,"column":25},"end":{"line":18,"column":null}},"4":{"start":{"line":15,"column":4},"end":{"line":17,"column":null}},"5":{"start":{"line":16,"column":6},"end":{"line":16,"column":null}},"6":{"start":{"line":20,"column":21},"end":{"line":24,"column":null}},"7":{"start":{"line":21,"column":4},"end":{"line":23,"column":null}},"8":{"start":{"line":22,"column":6},"end":{"line":22,"column":null}},"9":{"start":{"line":26,"column":34},"end":{"line":55,"column":null}},"10":{"start":{"line":27,"column":24},"end":{"line":27,"column":null}},"11":{"start":{"line":28,"column":28},"end":{"line":28,"column":null}},"12":{"start":{"line":29,"column":20},"end":{"line":29,"column":null}},"13":{"start":{"line":30,"column":18},"end":{"line":30,"column":null}},"14":{"start":{"line":32,"column":4},"end":{"line":35,"column":null}},"15":{"start":{"line":33,"column":6},"end":{"line":33,"column":null}},"16":{"start":{"line":34,"column":6},"end":{"line":34,"column":null}},"17":{"start":{"line":37,"column":24},"end":{"line":37,"column":26}},"18":{"start":{"line":39,"column":4},"end":{"line":52,"column":null}},"19":{"start":{"line":39,"column":17},"end":{"line":39,"column":28}},"20":{"start":{"line":40,"column":6},"end":{"line":40,"column":null}},"21":{"start":{"line":41,"column":6},"end":{"line":41,"column":null}},"22":{"start":{"line":42,"column":6},"end":{"line":43,"column":null}},"23":{"start":{"line":45,"column":27},"end":{"line":45,"column":null}},"24":{"start":{"line":54,"column":4},"end":{"line":54,"column":null}},"25":{"start":{"line":76,"column":15},"end":{"line":76,"column":null}}},"fnMap":{"0":{"name":"(anonymous_2)","decl":{"start":{"line":9,"column":45},"end":{"line":9,"column":46}},"loc":{"start":{"line":13,"column":1},"end":{"line":74,"column":null}}},"1":{"name":"(anonymous_3)","decl":{"start":{"line":14,"column":25},"end":{"line":14,"column":null}},"loc":{"start":{"line":14,"column":25},"end":{"line":18,"column":null}}},"2":{"name":"(anonymous_4)","decl":{"start":{"line":20,"column":21},"end":{"line":20,"column":null}},"loc":{"start":{"line":20,"column":21},"end":{"line":24,"column":null}}},"3":{"name":"(anonymous_5)","decl":{"start":{"line":26,"column":34},"end":{"line":26,"column":null}},"loc":{"start":{"line":26,"column":34},"end":{"line":55,"column":null}}},"4":{"name":"(anonymous_6)","decl":{"start":{"line":45,"column":21},"end":{"line":45,"column":27}},"loc":{"start":{"line":45,"column":27},"end":{"line":45,"column":null}}}},"branchMap":{"0":{"loc":{"start":{"line":15,"column":4},"end":{"line":17,"column":null}},"type":"if","locations":[{"start":{"line":15,"column":4},"end":{"line":17,"column":null}}]},"1":{"loc":{"start":{"line":21,"column":4},"end":{"line":23,"column":null}},"type":"if","locations":[{"start":{"line":21,"column":4},"end":{"line":23,"column":null}}]},"2":{"loc":{"start":{"line":32,"column":4},"end":{"line":35,"column":null}},"type":"if","locations":[{"start":{"line":32,"column":4},"end":{"line":35,"column":null}}]},"3":{"loc":{"start":{"line":46,"column":23},"end":{"line":46,"column":null}},"type":"cond-expr","locations":[{"start":{"line":46,"column":43},"end":{"line":46,"column":54}},{"start":{"line":46,"column":54},"end":{"line":46,"column":null}}]},"4":{"loc":{"start":{"line":60,"column":9},"end":{"line":60,"column":null}},"type":"binary-expr","locations":[{"start":{"line":60,"column":9},"end":{"line":60,"column":null}}]},"5":{"loc":{"start":{"line":66,"column":9},"end":{"line":66,"column":null}},"type":"binary-expr","locations":[{"start":{"line":66,"column":9},"end":{"line":66,"column":null}}]}},"s":{"0":4,"1":2,"2":2,"3":4,"4":0,"5":0,"6":4,"7":1,"8":1,"9":4,"10":4,"11":4,"12":4,"13":4,"14":4,"15":3,"16":3,"17":4,"18":4,"19":4,"20":28,"21":28,"22":28,"23":6,"24":4,"25":2},"f":{"0":4,"1":0,"2":1,"3":4,"4":6},"b":{"0":[0],"1":[1],"2":[3],"3":[4,24],"4":[4],"5":[4]}}
,"/Users/karemara/Documents/DEV014-movie-challenge-fw/src/components/movie/MovieCardComponent.tsx": {"path":"/Users/karemara/Documents/DEV014-movie-challenge-fw/src/components/movie/MovieCardComponent.tsx","statementMap":{"0":{"start":{"line":9,"column":16},"end":{"line":9,"column":35}},"1":{"start":{"line":2,"column":21},"end":{"line":2,"column":null}},"2":{"start":{"line":3,"column":31},"end":{"line":3,"column":null}}},"fnMap":{"0":{"name":"MovieCardComponent","decl":{"start":{"line":9,"column":16},"end":{"line":9,"column":35}},"loc":{"start":{"line":9,"column":55},"end":{"line":25,"column":null}}}},"branchMap":{},"s":{"0":4,"1":3,"2":3},"f":{"0":4},"b":{}}
,"/Users/karemara/Documents/DEV014-movie-challenge-fw/src/components/movie/MovieListComponent.tsx": {"path":"/Users/karemara/Documents/DEV014-movie-challenge-fw/src/components/movie/MovieListComponent.tsx","statementMap":{"0":{"start":{"line":8,"column":16},"end":{"line":8,"column":35}},"1":{"start":{"line":2,"column":35},"end":{"line":2,"column":null}},"2":{"start":{"line":9,"column":26},"end":{"line":9,"column":null}},"3":{"start":{"line":12,"column":23},"end":{"line":12,"column":null}},"4":{"start":{"line":18,"column":8},"end":{"line":18,"column":43}}},"fnMap":{"0":{"name":"MovieListComponent","decl":{"start":{"line":8,"column":16},"end":{"line":8,"column":35}},"loc":{"start":{"line":8,"column":65},"end":{"line":22,"column":null}}},"1":{"name":"(anonymous_2)","decl":{"start":{"line":17,"column":24},"end":{"line":17,"column":25}},"loc":{"start":{"line":18,"column":8},"end":{"line":18,"column":43}}}},"branchMap":{},"s":{"0":2,"1":2,"2":2,"3":2,"4":3},"f":{"0":2,"1":3},"b":{}}
,"/Users/karemara/Documents/DEV014-movie-challenge-fw/src/services/APIService.ts": {"path":"/Users/karemara/Documents/DEV014-movie-challenge-fw/src/services/APIService.ts","statementMap":{"0":{"start":{"line":93,"column":16},"end":{"line":93,"column":30}},"1":{"start":{"line":34,"column":16},"end":{"line":34,"column":25}},"2":{"start":{"line":10,"column":13},"end":{"line":10,"column":27}},"3":{"start":{"line":11,"column":13},"end":{"line":11,"column":32}},"4":{"start":{"line":7,"column":23},"end":{"line":7,"column":null}},"5":{"start":{"line":8,"column":48},"end":{"line":8,"column":null}},"6":{"start":{"line":10,"column":30},"end":{"line":10,"column":null}},"7":{"start":{"line":11,"column":35},"end":{"line":11,"column":null}},"8":{"start":{"line":35,"column":40},"end":{"line":35,"column":54}},"9":{"start":{"line":37,"column":26},"end":{"line":37,"column":126}},"10":{"start":{"line":39,"column":2},"end":{"line":41,"column":null}},"11":{"start":{"line":40,"column":4},"end":{"line":40,"column":null}},"12":{"start":{"line":43,"column":2},"end":{"line":45,"column":null}},"13":{"start":{"line":44,"column":4},"end":{"line":44,"column":null}},"14":{"start":{"line":47,"column":2},"end":{"line":49,"column":null}},"15":{"start":{"line":48,"column":4},"end":{"line":48,"column":null}},"16":{"start":{"line":51,"column":2},"end":{"line":53,"column":null}},"17":{"start":{"line":52,"column":4},"end":{"line":52,"column":null}},"18":{"start":{"line":55,"column":18},"end":{"line":61,"column":null}},"19":{"start":{"line":63,"column":2},"end":{"line":90,"column":null}},"20":{"start":{"line":64,"column":24},"end":{"line":64,"column":null}},"21":{"start":{"line":66,"column":6},"end":{"line":89,"column":null}},"22":{"start":{"line":67,"column":34},"end":{"line":67,"column":50}},"23":{"start":{"line":68,"column":41},"end":{"line":69,"column":null}},"24":{"start":{"line":69,"column":36},"end":{"line":69,"column":null}},"25":{"start":{"line":71,"column":39},"end":{"line":74,"column":null}},"26":{"start":{"line":75,"column":8},"end":{"line":78,"column":null}},"27":{"start":{"line":80,"column":8},"end":{"line":88,"column":null}},"28":{"start":{"line":94,"column":30},"end":{"line":94,"column":77}},"29":{"start":{"line":95,"column":18},"end":{"line":101,"column":null}},"30":{"start":{"line":103,"column":2},"end":{"line":108,"column":null}},"31":{"start":{"line":104,"column":24},"end":{"line":104,"column":null}},"32":{"start":{"line":106,"column":37},"end":{"line":106,"column":null}},"33":{"start":{"line":107,"column":6},"end":{"line":107,"column":null}}},"fnMap":{"0":{"name":"getMovies","decl":{"start":{"line":34,"column":16},"end":{"line":34,"column":25}},"loc":{"start":{"line":34,"column":49},"end":{"line":91,"column":null}}},"1":{"name":"(anonymous_6)","decl":{"start":{"line":64,"column":10},"end":{"line":64,"column":11}},"loc":{"start":{"line":64,"column":24},"end":{"line":64,"column":null}}},"2":{"name":"(anonymous_7)","decl":{"start":{"line":65,"column":10},"end":{"line":65,"column":11}},"loc":{"start":{"line":65,"column":11},"end":{"line":90,"column":null}}},"3":{"name":"(anonymous_8)","decl":{"start":{"line":69,"column":10},"end":{"line":69,"column":11}},"loc":{"start":{"line":69,"column":36},"end":{"line":69,"column":null}}},"4":{"name":"getMovieDetail","decl":{"start":{"line":93,"column":16},"end":{"line":93,"column":30}},"loc":{"start":{"line":93,"column":46},"end":{"line":109,"column":null}}},"5":{"name":"(anonymous_10)","decl":{"start":{"line":104,"column":10},"end":{"line":104,"column":11}},"loc":{"start":{"line":104,"column":24},"end":{"line":104,"column":null}}},"6":{"name":"(anonymous_11)","decl":{"start":{"line":105,"column":10},"end":{"line":105,"column":11}},"loc":{"start":{"line":105,"column":11},"end":{"line":108,"column":null}}}},"branchMap":{"0":{"loc":{"start":{"line":39,"column":2},"end":{"line":41,"column":null}},"type":"if","locations":[{"start":{"line":39,"column":2},"end":{"line":41,"column":null}}]},"1":{"loc":{"start":{"line":43,"column":2},"end":{"line":45,"column":null}},"type":"if","locations":[{"start":{"line":43,"column":2},"end":{"line":45,"column":null}}]},"2":{"loc":{"start":{"line":47,"column":2},"end":{"line":49,"column":null}},"type":"if","locations":[{"start":{"line":47,"column":2},"end":{"line":49,"column":null}}]},"3":{"loc":{"start":{"line":51,"column":2},"end":{"line":53,"column":null}},"type":"if","locations":[{"start":{"line":51,"column":2},"end":{"line":53,"column":null}}]},"4":{"loc":{"start":{"line":66,"column":6},"end":{"line":89,"column":null}},"type":"if","locations":[{"start":{"line":66,"column":6},"end":{"line":89,"column":null}},{"start":{"line":79,"column":13},"end":{"line":89,"column":null}}]}},"s":{"0":1,"1":4,"2":5,"3":1,"4":5,"5":5,"6":5,"7":5,"8":4,"9":4,"10":4,"11":4,"12":4,"13":0,"14":4,"15":0,"16":4,"17":0,"18":4,"19":4,"20":4,"21":4,"22":3,"23":3,"24":6,"25":3,"26":3,"27":1,"28":1,"29":1,"30":1,"31":1,"32":0,"33":0},"f":{"0":4,"1":4,"2":4,"3":6,"4":1,"5":1,"6":0},"b":{"0":[4],"1":[0],"2":[0],"3":[0],"4":[3,1]}}
,"/Users/karemara/Documents/DEV014-movie-challenge-fw/src/services/MovieService.ts": {"path":"/Users/karemara/Documents/DEV014-movie-challenge-fw/src/services/MovieService.ts","statementMap":{"0":{"start":{"line":5,"column":16},"end":{"line":5,"column":null}},"1":{"start":{"line":2,"column":28},"end":{"line":2,"column":null}},"2":{"start":{"line":3,"column":23},"end":{"line":3,"column":null}},"3":{"start":{"line":6,"column":24},"end":{"line":6,"column":83}},"4":{"start":{"line":8,"column":18},"end":{"line":14,"column":null}},"5":{"start":{"line":16,"column":2},"end":{"line":26,"column":null}},"6":{"start":{"line":17,"column":24},"end":{"line":17,"column":null}},"7":{"start":{"line":19,"column":6},"end":{"line":25,"column":null}},"8":{"start":{"line":20,"column":8},"end":{"line":21,"column":null}},"9":{"start":{"line":21,"column":10},"end":{"line":21,"column":null}},"10":{"start":{"line":24,"column":8},"end":{"line":24,"column":null}}},"fnMap":{"0":{"name":"getMovieGenres","decl":{"start":{"line":5,"column":16},"end":{"line":5,"column":null}},"loc":{"start":{"line":5,"column":16},"end":{"line":27,"column":null}}},"1":{"name":"(anonymous_2)","decl":{"start":{"line":17,"column":10},"end":{"line":17,"column":11}},"loc":{"start":{"line":17,"column":24},"end":{"line":17,"column":null}}},"2":{"name":"(anonymous_3)","decl":{"start":{"line":18,"column":10},"end":{"line":18,"column":11}},"loc":{"start":{"line":18,"column":11},"end":{"line":26,"column":null}}},"3":{"name":"(anonymous_4)","decl":{"start":{"line":20,"column":35},"end":{"line":20,"column":36}},"loc":{"start":{"line":21,"column":10},"end":{"line":21,"column":null}}}},"branchMap":{"0":{"loc":{"start":{"line":19,"column":6},"end":{"line":25,"column":null}},"type":"if","locations":[{"start":{"line":19,"column":6},"end":{"line":25,"column":null}},{"start":{"line":23,"column":13},"end":{"line":25,"column":null}}]}},"s":{"0":3,"1":2,"2":2,"3":3,"4":3,"5":3,"6":2,"7":2,"8":1,"9":2,"10":1},"f":{"0":3,"1":2,"2":2,"3":2},"b":{"0":[1,1]}}
,"/Users/karemara/Documents/DEV014-movie-challenge-fw/src/utils/transformers.ts": {"path":"/Users/karemara/Documents/DEV014-movie-challenge-fw/src/utils/transformers.ts","statementMap":{"0":{"start":{"line":58,"column":16},"end":{"line":58,"column":27}},"1":{"start":{"line":37,"column":16},"end":{"line":37,"column":33}},"2":{"start":{"line":54,"column":16},"end":{"line":54,"column":37}},"3":{"start":{"line":12,"column":16},"end":{"line":12,"column":27}},"4":{"start":{"line":22,"column":16},"end":{"line":22,"column":34}},"5":{"start":{"line":13,"column":2},"end":{"line":19,"column":null}},"6":{"start":{"line":23,"column":2},"end":{"line":32,"column":null}},"7":{"start":{"line":29,"column":40},"end":{"line":29,"column":null}},"8":{"start":{"line":42,"column":22},"end":{"line":42,"column":null}},"9":{"start":{"line":44,"column":2},"end":{"line":48,"column":null}},"10":{"start":{"line":45,"column":4},"end":{"line":47,"column":null}},"11":{"start":{"line":46,"column":6},"end":{"line":46,"column":null}},"12":{"start":{"line":50,"column":2},"end":{"line":50,"column":null}},"13":{"start":{"line":55,"column":2},"end":{"line":55,"column":null}},"14":{"start":{"line":55,"column":36},"end":{"line":55,"column":null}},"15":{"start":{"line":59,"column":2},"end":{"line":63,"column":null}}},"fnMap":{"0":{"name":"formatMovie","decl":{"start":{"line":12,"column":16},"end":{"line":12,"column":27}},"loc":{"start":{"line":12,"column":48},"end":{"line":20,"column":null}}},"1":{"name":"formatMovieDetails","decl":{"start":{"line":22,"column":16},"end":{"line":22,"column":34}},"loc":{"start":{"line":22,"column":62},"end":{"line":33,"column":null}}},"2":{"name":"(anonymous_8)","decl":{"start":{"line":29,"column":29},"end":{"line":29,"column":30}},"loc":{"start":{"line":29,"column":40},"end":{"line":29,"column":null}}},"3":{"name":"formatGenresToMap","decl":{"start":{"line":37,"column":16},"end":{"line":37,"column":33}},"loc":{"start":{"line":37,"column":54},"end":{"line":51,"column":null}}},"4":{"name":"(anonymous_10)","decl":{"start":{"line":44,"column":22},"end":{"line":44,"column":23}},"loc":{"start":{"line":44,"column":23},"end":{"line":48,"column":null}}},"5":{"name":"formatGenresToOptions","decl":{"start":{"line":54,"column":16},"end":{"line":54,"column":37}},"loc":{"start":{"line":54,"column":66},"end":{"line":56,"column":null}}},"6":{"name":"(anonymous_12)","decl":{"start":{"line":55,"column":25},"end":{"line":55,"column":26}},"loc":{"start":{"line":55,"column":36},"end":{"line":55,"column":null}}},"7":{"name":"formatGenre","decl":{"start":{"line":58,"column":16},"end":{"line":58,"column":27}},"loc":{"start":{"line":58,"column":48},"end":{"line":64,"column":null}}}},"branchMap":{"0":{"loc":{"start":{"line":45,"column":4},"end":{"line":47,"column":null}},"type":"if","locations":[{"start":{"line":45,"column":4},"end":{"line":47,"column":null}}]}},"s":{"0":4,"1":0,"2":0,"3":7,"4":0,"5":7,"6":0,"7":0,"8":0,"9":0,"10":0,"11":0,"12":0,"13":0,"14":0,"15":4},"f":{"0":7,"1":0,"2":0,"3":0,"4":0,"5":0,"6":0,"7":4},"b":{"0":[0]}}
,"/Users/karemara/Documents/DEV014-movie-challenge-fw/src/views/HomeView.tsx": {"path":"/Users/karemara/Documents/DEV014-movie-challenge-fw/src/views/HomeView.tsx","statementMap":{"0":{"start":{"line":11,"column":16},"end":{"line":11,"column":null}},"1":{"start":{"line":1,"column":49},"end":{"line":1,"column":null}},"2":{"start":{"line":2,"column":26},"end":{"line":2,"column":null}},"3":{"start":{"line":4,"column":35},"end":{"line":4,"column":null}},"4":{"start":{"line":5,"column":23},"end":{"line":5,"column":null}},"5":{"start":{"line":6,"column":23},"end":{"line":6,"column":null}},"6":{"start":{"line":7,"column":31},"end":{"line":7,"column":null}},"7":{"start":{"line":8,"column":27},"end":{"line":8,"column":null}},"8":{"start":{"line":9,"column":32},"end":{"line":9,"column":null}},"9":{"start":{"line":12,"column":42},"end":{"line":12,"column":null}},"10":{"start":{"line":14,"column":30},"end":{"line":14,"column":null}},"11":{"start":{"line":15,"column":30},"end":{"line":15,"column":null}},"12":{"start":{"line":16,"column":44},"end":{"line":17,"column":null}},"13":{"start":{"line":19,"column":42},"end":{"line":20,"column":null}},"14":{"start":{"line":22,"column":30},"end":{"line":23,"column":null}},"15":{"start":{"line":26,"column":32},"end":{"line":26,"column":null}},"16":{"start":{"line":27,"column":40},"end":{"line":28,"column":null}},"17":{"start":{"line":30,"column":38},"end":{"line":30,"column":null}},"18":{"start":{"line":32,"column":16},"end":{"line":32,"column":null}},"19":{"start":{"line":32,"column":53},"end":{"line":32,"column":null}},"20":{"start":{"line":34,"column":2},"end":{"line":45,"column":null}},"21":{"start":{"line":35,"column":22},"end":{"line":41,"column":null}},"22":{"start":{"line":36,"column":6},"end":{"line":36,"column":null}},"23":{"start":{"line":37,"column":6},"end":{"line":37,"column":null}},"24":{"start":{"line":38,"column":6},"end":{"line":40,"column":null}},"25":{"start":{"line":39,"column":8},"end":{"line":39,"column":null}},"26":{"start":{"line":43,"column":4},"end":{"line":43,"column":null}},"27":{"start":{"line":44,"column":4},"end":{"line":44,"column":null}},"28":{"start":{"line":49,"column":2},"end":{"line":59,"column":null}},"29":{"start":{"line":50,"column":22},"end":{"line":55,"column":null}},"30":{"start":{"line":51,"column":6},"end":{"line":51,"column":null}},"31":{"start":{"line":52,"column":6},"end":{"line":54,"column":null}},"32":{"start":{"line":53,"column":8},"end":{"line":53,"column":null}},"33":{"start":{"line":57,"column":4},"end":{"line":57,"column":null}},"34":{"start":{"line":58,"column":4},"end":{"line":58,"column":null}},"35":{"start":{"line":61,"column":22},"end":{"line":77,"column":null}},"36":{"start":{"line":62,"column":4},"end":{"line":76,"column":null}},"37":{"start":{"line":63,"column":23},"end":{"line":70,"column":null}},"38":{"start":{"line":71,"column":6},"end":{"line":71,"column":null}},"39":{"start":{"line":73,"column":6},"end":{"line":73,"column":null}},"40":{"start":{"line":75,"column":6},"end":{"line":75,"column":null}},"41":{"start":{"line":79,"column":22},"end":{"line":86,"column":null}},"42":{"start":{"line":80,"column":4},"end":{"line":85,"column":null}},"43":{"start":{"line":81,"column":24},"end":{"line":81,"column":null}},"44":{"start":{"line":82,"column":6},"end":{"line":82,"column":null}},"45":{"start":{"line":84,"column":6},"end":{"line":84,"column":null}},"46":{"start":{"line":88,"column":27},"end":{"line":98,"column":null}},"47":{"start":{"line":89,"column":4},"end":{"line":89,"column":null}},"48":{"start":{"line":91,"column":4},"end":{"line":95,"column":null}},"49":{"start":{"line":92,"column":6},"end":{"line":92,"column":null}},"50":{"start":{"line":94,"column":6},"end":{"line":94,"column":null}},"51":{"start":{"line":97,"column":4},"end":{"line":97,"column":null}},"52":{"start":{"line":100,"column":28},"end":{"line":106,"column":null}},"53":{"start":{"line":101,"column":23},"end":{"line":101,"column":41}},"54":{"start":{"line":102,"column":4},"end":{"line":102,"column":null}},"55":{"start":{"line":104,"column":4},"end":{"line":104,"column":null}},"56":{"start":{"line":105,"column":4},"end":{"line":105,"column":null}},"57":{"start":{"line":108,"column":27},"end":{"line":114,"column":null}},"58":{"start":{"line":109,"column":22},"end":{"line":109,"column":40}},"59":{"start":{"line":110,"column":4},"end":{"line":110,"column":null}},"60":{"start":{"line":112,"column":4},"end":{"line":112,"column":null}},"61":{"start":{"line":113,"column":4},"end":{"line":113,"column":null}},"62":{"start":{"line":116,"column":29},"end":{"line":122,"column":null}},"63":{"start":{"line":117,"column":24},"end":{"line":117,"column":42}},"64":{"start":{"line":118,"column":4},"end":{"line":118,"column":null}},"65":{"start":{"line":120,"column":4},"end":{"line":120,"column":null}},"66":{"start":{"line":121,"column":4},"end":{"line":121,"column":null}},"67":{"start":{"line":125,"column":24},"end":{"line":143,"column":null}},"68":{"start":{"line":126,"column":4},"end":{"line":140,"column":null}},"69":{"start":{"line":128,"column":8},"end":{"line":128,"column":null}},"70":{"start":{"line":129,"column":8},"end":{"line":129,"column":null}},"71":{"start":{"line":130,"column":8},"end":{"line":130,"column":null}},"72":{"start":{"line":132,"column":8},"end":{"line":132,"column":null}},"73":{"start":{"line":133,"column":8},"end":{"line":133,"column":null}},"74":{"start":{"line":134,"column":8},"end":{"line":134,"column":null}},"75":{"start":{"line":136,"column":8},"end":{"line":136,"column":null}},"76":{"start":{"line":137,"column":8},"end":{"line":137,"column":null}},"77":{"start":{"line":138,"column":8},"end":{"line":138,"column":null}},"78":{"start":{"line":142,"column":4},"end":{"line":142,"column":null}}},"fnMap":{"0":{"name":"HomeView","decl":{"start":{"line":11,"column":16},"end":{"line":11,"column":null}},"loc":{"start":{"line":11,"column":16},"end":{"line":169,"column":null}}},"1":{"name":"(anonymous_3)","decl":{"start":{"line":32,"column":43},"end":{"line":32,"column":44}},"loc":{"start":{"line":32,"column":53},"end":{"line":32,"column":null}}},"2":{"name":"(anonymous_4)","decl":{"start":{"line":34,"column":12},"end":{"line":34,"column":null}},"loc":{"start":{"line":34,"column":12},"end":{"line":45,"column":5}}},"3":{"name":"(anonymous_5)","decl":{"start":{"line":35,"column":22},"end":{"line":35,"column":null}},"loc":{"start":{"line":35,"column":22},"end":{"line":41,"column":null}}},"4":{"name":"(anonymous_6)","decl":{"start":{"line":38,"column":17},"end":{"line":38,"column":null}},"loc":{"start":{"line":38,"column":17},"end":{"line":40,"column":9}}},"5":{"name":"(anonymous_7)","decl":{"start":{"line":49,"column":12},"end":{"line":49,"column":null}},"loc":{"start":{"line":49,"column":12},"end":{"line":59,"column":5}}},"6":{"name":"(anonymous_8)","decl":{"start":{"line":50,"column":22},"end":{"line":50,"column":null}},"loc":{"start":{"line":50,"column":22},"end":{"line":55,"column":null}}},"7":{"name":"(anonymous_9)","decl":{"start":{"line":52,"column":17},"end":{"line":52,"column":null}},"loc":{"start":{"line":52,"column":17},"end":{"line":54,"column":9}}},"8":{"name":"(anonymous_10)","decl":{"start":{"line":61,"column":22},"end":{"line":61,"column":null}},"loc":{"start":{"line":61,"column":22},"end":{"line":77,"column":null}}},"9":{"name":"(anonymous_11)","decl":{"start":{"line":79,"column":22},"end":{"line":79,"column":null}},"loc":{"start":{"line":79,"column":22},"end":{"line":86,"column":null}}},"10":{"name":"(anonymous_12)","decl":{"start":{"line":88,"column":27},"end":{"line":88,"column":28}},"loc":{"start":{"line":88,"column":28},"end":{"line":98,"column":null}}},"11":{"name":"(anonymous_13)","decl":{"start":{"line":100,"column":28},"end":{"line":100,"column":29}},"loc":{"start":{"line":100,"column":29},"end":{"line":106,"column":null}}},"12":{"name":"(anonymous_14)","decl":{"start":{"line":108,"column":27},"end":{"line":108,"column":28}},"loc":{"start":{"line":108,"column":28},"end":{"line":114,"column":null}}},"13":{"name":"(anonymous_15)","decl":{"start":{"line":116,"column":29},"end":{"line":116,"column":30}},"loc":{"start":{"line":116,"column":30},"end":{"line":122,"column":null}}},"14":{"name":"(anonymous_16)","decl":{"start":{"line":125,"column":24},"end":{"line":125,"column":25}},"loc":{"start":{"line":125,"column":25},"end":{"line":143,"column":null}}}},"branchMap":{"0":{"loc":{"start":{"line":17,"column":4},"end":{"line":17,"column":null}},"type":"binary-expr","locations":[{"start":{"line":17,"column":4},"end":{"line":17,"column":35}},{"start":{"line":17,"column":35},"end":{"line":17,"column":null}}]},"1":{"loc":{"start":{"line":20,"column":4},"end":{"line":20,"column":null}},"type":"binary-expr","locations":[{"start":{"line":20,"column":4},"end":{"line":20,"column":32}},{"start":{"line":20,"column":32},"end":{"line":20,"column":null}}]},"2":{"loc":{"start":{"line":23,"column":4},"end":{"line":23,"column":null}},"type":"binary-expr","locations":[{"start":{"line":23,"column":4},"end":{"line":23,"column":34}},{"start":{"line":23,"column":34},"end":{"line":23,"column":null}}]},"3":{"loc":{"start":{"line":28,"column":4},"end":{"line":28,"column":null}},"type":"binary-expr","locations":[{"start":{"line":28,"column":4},"end":{"line":28,"column":49}},{"start":{"line":28,"column":49},"end":{"line":28,"column":null}}]},"4":{"loc":{"start":{"line":91,"column":4},"end":{"line":95,"column":null}},"type":"if","locations":[{"start":{"line":91,"column":4},"end":{"line":95,"column":null}},{"start":{"line":93,"column":11},"end":{"line":95,"column":null}}]},"5":{"loc":{"start":{"line":126,"column":4},"end":{"line":140,"column":null}},"type":"switch","locations":[{"start":{"line":127,"column":6},"end":{"line":130,"column":null}},{"start":{"line":131,"column":6},"end":{"line":134,"column":null}},{"start":{"line":135,"column":6},"end":{"line":138,"column":null}},{"start":{"line":139,"column":6},"end":{"line":139,"column":null}}]},"6":{"loc":{"start":{"line":160,"column":19},"end":{"line":160,"column":32}},"type":"cond-expr","locations":[{"start":{"line":160,"column":19},"end":{"line":160,"column":32}}]}},"s":{"0":1,"1":1,"2":1,"3":1,"4":1,"5":1,"6":1,"7":1,"8":1,"9":3,"10":3,"11":3,"12":3,"13":3,"14":3,"15":3,"16":3,"17":3,"18":3,"19":90,"20":3,"21":1,"22":1,"23":1,"24":1,"25":0,"26":1,"27":1,"28":3,"29":1,"30":1,"31":1,"32":0,"33":1,"34":1,"35":3,"36":2,"37":2,"38":2,"39":2,"40":0,"41":3,"42":1,"43":1,"44":1,"45":0,"46":3,"47":0,"48":0,"49":0,"50":0,"51":0,"52":3,"53":0,"54":0,"55":0,"56":0,"57":3,"58":0,"59":0,"60":0,"61":0,"62":3,"63":0,"64":0,"65":0,"66":0,"67":3,"68":0,"69":0,"70":0,"71":0,"72":0,"73":0,"74":0,"75":0,"76":0,"77":0,"78":0},"f":{"0":3,"1":90,"2":1,"3":1,"4":0,"5":1,"6":1,"7":0,"8":2,"9":1,"10":0,"11":0,"12":0,"13":0,"14":0},"b":{"0":[3,3],"1":[3,3],"2":[3,3],"3":[3,3],"4":[0,0],"5":[0,0,0,0],"6":[2]}}
,"/Users/karemara/Documents/DEV014-movie-challenge-fw/src/views/MovieDetailView.tsx": {"path":"/Users/karemara/Documents/DEV014-movie-challenge-fw/src/views/MovieDetailView.tsx","statementMap":{"0":{"start":{"line":11,"column":16},"end":{"line":11,"column":null}},"1":{"start":{"line":1,"column":36},"end":{"line":1,"column":null}},"2":{"start":{"line":2,"column":26},"end":{"line":2,"column":null}},"3":{"start":{"line":7,"column":7},"end":{"line":7,"column":null}},"4":{"start":{"line":9,"column":23},"end":{"line":9,"column":null}},"5":{"start":{"line":12,"column":28},"end":{"line":20,"column":null}},"6":{"start":{"line":21,"column":32},"end":{"line":21,"column":null}},"7":{"start":{"line":22,"column":17},"end":{"line":22,"column":null}},"8":{"start":{"line":24,"column":2},"end":{"line":26,"column":null}},"9":{"start":{"line":25,"column":4},"end":{"line":25,"column":null}},"10":{"start":{"line":28,"column":28},"end":{"line":39,"column":null}},"11":{"start":{"line":29,"column":4},"end":{"line":38,"column":null}},"12":{"start":{"line":30,"column":6},"end":{"line":30,"column":null}},"13":{"start":{"line":32,"column":23},"end":{"line":32,"column":null}},"14":{"start":{"line":34,"column":6},"end":{"line":34,"column":null}},"15":{"start":{"line":35,"column":6},"end":{"line":35,"column":null}},"16":{"start":{"line":37,"column":6},"end":{"line":37,"column":null}},"17":{"start":{"line":41,"column":23},"end":{"line":53,"column":null}},"18":{"start":{"line":42,"column":4},"end":{"line":52,"column":null}},"19":{"start":{"line":43,"column":6},"end":{"line":45,"column":null}},"20":{"start":{"line":44,"column":8},"end":{"line":45,"column":null}}},"fnMap":{"0":{"name":"MovieDetailView","decl":{"start":{"line":11,"column":16},"end":{"line":11,"column":null}},"loc":{"start":{"line":11,"column":16},"end":{"line":98,"column":null}}},"1":{"name":"(anonymous_2)","decl":{"start":{"line":24,"column":12},"end":{"line":24,"column":null}},"loc":{"start":{"line":24,"column":12},"end":{"line":26,"column":5}}},"2":{"name":"(anonymous_3)","decl":{"start":{"line":28,"column":28},"end":{"line":28,"column":null}},"loc":{"start":{"line":28,"column":28},"end":{"line":39,"column":null}}},"3":{"name":"(anonymous_4)","decl":{"start":{"line":41,"column":23},"end":{"line":41,"column":null}},"loc":{"start":{"line":41,"column":23},"end":{"line":53,"column":null}}},"4":{"name":"(anonymous_5)","decl":{"start":{"line":43,"column":30},"end":{"line":43,"column":31}},"loc":{"start":{"line":44,"column":8},"end":{"line":45,"column":null}}}},"branchMap":{"0":{"loc":{"start":{"line":32,"column":44},"end":{"line":32,"column":null}},"type":"binary-expr","locations":[{"start":{"line":32,"column":44},"end":{"line":32,"column":50}},{"start":{"line":32,"column":50},"end":{"line":32,"column":null}}]},"1":{"loc":{"start":{"line":42,"column":4},"end":{"line":52,"column":null}},"type":"if","locations":[{"start":{"line":42,"column":4},"end":{"line":52,"column":null}}]},"2":{"loc":{"start":{"line":58,"column":8},"end":{"line":69,"column":null}},"type":"cond-expr","locations":[{"start":{"line":58,"column":8},"end":{"line":69,"column":null}}]}},"s":{"0":1,"1":1,"2":1,"3":1,"4":1,"5":2,"6":2,"7":2,"8":2,"9":1,"10":2,"11":1,"12":1,"13":1,"14":0,"15":0,"16":1,"17":2,"18":1,"19":1,"20":0},"f":{"0":2,"1":1,"2":1,"3":1,"4":0},"b":{"0":[1,0],"1":[1],"2":[1]}}
}
