TN:
SF:src/components/Loader.tsx
FN:1,Loader
FNF:1
FNH:1
FNDA:3,Loader
DA:1,3
LF:1
LH:1
BRF:0
BRH:0
end_of_record
TN:
SF:src/components/Navigation.tsx
FN:17,Navigation
FN:42,(anonymous_2)
FN:51,(anonymous_3)
FN:67,(anonymous_4)
FN:75,(anonymous_5)
FN:123,(anonymous_6)
FNF:6
FNH:6
FNDA:7,Navigation
FNDA:8,(anonymous_2)
FNDA:1,(anonymous_3)
FNDA:102,(anonymous_4)
FNDA:1,(anonymous_5)
FNDA:1,(anonymous_6)
DA:17,7
DA:28,7
DA:43,8
DA:51,1
DA:68,102
DA:75,1
DA:123,1
LF:7
LH:7
BRF:0
BRH:0
end_of_record
TN:
SF:src/components/Pagination.tsx
FN:9,(anonymous_2)
FN:14,(anonymous_3)
FN:20,(anonymous_4)
FN:26,(anonymous_5)
FN:45,(anonymous_6)
FNF:5
FNH:4
FNDA:4,(anonymous_2)
FNDA:0,(anonymous_3)
FNDA:1,(anonymous_4)
FNDA:4,(anonymous_5)
FNDA:6,(anonymous_6)
DA:1,2
DA:9,2
DA:14,4
DA:15,0
DA:16,0
DA:20,4
DA:21,1
DA:22,1
DA:26,4
DA:27,4
DA:28,4
DA:29,4
DA:30,4
DA:32,4
DA:33,3
DA:34,3
DA:37,4
DA:39,4
DA:40,28
DA:41,28
DA:42,28
DA:45,6
DA:54,4
DA:76,4
LF:24
LH:22
BRDA:15,0,0,0
BRDA:21,1,0,1
BRDA:32,2,0,3
BRDA:46,3,0,4
BRDA:46,3,1,24
BRDA:60,4,0,4
BRDA:66,5,0,4
BRF:7
BRH:6
end_of_record
TN:
SF:src/components/movie/MovieCardComponent.tsx
FN:9,MovieCardComponent
FNF:1
FNH:1
FNDA:4,MovieCardComponent
DA:2,3
DA:3,3
DA:9,4
LF:3
LH:3
BRF:0
BRH:0
end_of_record
TN:
SF:src/components/movie/MovieListComponent.tsx
FN:8,MovieListComponent
FN:17,(anonymous_2)
FNF:2
FNH:2
FNDA:2,MovieListComponent
FNDA:3,(anonymous_2)
DA:2,2
DA:8,2
DA:9,2
DA:12,2
DA:18,3
LF:5
LH:5
BRF:0
BRH:0
end_of_record
TN:
SF:src/services/APIService.ts
FN:34,getMovies
FN:64,(anonymous_6)
FN:65,(anonymous_7)
FN:69,(anonymous_8)
FN:93,getMovieDetail
FN:104,(anonymous_10)
FN:105,(anonymous_11)
FNF:7
FNH:6
FNDA:4,getMovies
FNDA:4,(anonymous_6)
FNDA:4,(anonymous_7)
FNDA:6,(anonymous_8)
FNDA:1,getMovieDetail
FNDA:1,(anonymous_10)
FNDA:0,(anonymous_11)
DA:7,5
DA:8,5
DA:10,5
DA:11,5
DA:34,4
DA:35,4
DA:37,4
DA:39,4
DA:40,4
DA:43,4
DA:44,0
DA:47,4
DA:48,0
DA:51,4
DA:52,0
DA:55,4
DA:63,4
DA:64,4
DA:66,4
DA:67,3
DA:68,3
DA:69,6
DA:71,3
DA:75,3
DA:80,1
DA:93,1
DA:94,1
DA:95,1
DA:103,1
DA:104,1
DA:106,0
DA:107,0
LF:32
LH:27
BRDA:39,0,0,4
BRDA:43,1,0,0
BRDA:47,2,0,0
BRDA:51,3,0,0
BRDA:66,4,0,3
BRDA:66,4,1,1
BRF:6
BRH:3
end_of_record
TN:
SF:src/services/MovieService.ts
FN:5,getMovieGenres
FN:17,(anonymous_2)
FN:18,(anonymous_3)
FN:20,(anonymous_4)
FNF:4
FNH:4
FNDA:3,getMovieGenres
FNDA:2,(anonymous_2)
FNDA:2,(anonymous_3)
FNDA:2,(anonymous_4)
DA:2,2
DA:3,2
DA:5,3
DA:6,3
DA:8,3
DA:16,3
DA:17,2
DA:19,2
DA:20,1
DA:21,2
DA:24,1
LF:11
LH:11
BRDA:19,0,0,1
BRDA:19,0,1,1
BRF:2
BRH:2
end_of_record
TN:
SF:src/utils/transformers.ts
FN:12,formatMovie
FN:22,formatMovieDetails
FN:29,(anonymous_8)
FN:37,formatGenresToMap
FN:44,(anonymous_10)
FN:54,formatGenresToOptions
FN:55,(anonymous_12)
FN:58,formatGenre
FNF:8
FNH:2
FNDA:7,formatMovie
FNDA:0,formatMovieDetails
FNDA:0,(anonymous_8)
FNDA:0,formatGenresToMap
FNDA:0,(anonymous_10)
FNDA:0,formatGenresToOptions
FNDA:0,(anonymous_12)
FNDA:4,formatGenre
DA:12,7
DA:13,7
DA:22,0
DA:23,0
DA:29,0
DA:37,0
DA:42,0
DA:44,0
DA:45,0
DA:46,0
DA:50,0
DA:54,0
DA:55,0
DA:58,4
DA:59,4
LF:15
LH:4
BRDA:45,0,0,0
BRF:1
BRH:0
end_of_record
TN:
SF:src/views/HomeView.tsx
FN:11,HomeView
FN:32,(anonymous_3)
FN:34,(anonymous_4)
FN:35,(anonymous_5)
FN:38,(anonymous_6)
FN:49,(anonymous_7)
FN:50,(anonymous_8)
FN:52,(anonymous_9)
FN:61,(anonymous_10)
FN:79,(anonymous_11)
FN:88,(anonymous_12)
FN:100,(anonymous_13)
FN:108,(anonymous_14)
FN:116,(anonymous_15)
FN:125,(anonymous_16)
FNF:15
FNH:8
FNDA:3,HomeView
FNDA:90,(anonymous_3)
FNDA:1,(anonymous_4)
FNDA:1,(anonymous_5)
FNDA:0,(anonymous_6)
FNDA:1,(anonymous_7)
FNDA:1,(anonymous_8)
FNDA:0,(anonymous_9)
FNDA:2,(anonymous_10)
FNDA:1,(anonymous_11)
FNDA:0,(anonymous_12)
FNDA:0,(anonymous_13)
FNDA:0,(anonymous_14)
FNDA:0,(anonymous_15)
FNDA:0,(anonymous_16)
DA:1,1
DA:2,1
DA:4,1
DA:5,1
DA:6,1
DA:7,1
DA:8,1
DA:9,1
DA:11,1
DA:12,3
DA:14,3
DA:15,3
DA:16,3
DA:19,3
DA:22,3
DA:26,3
DA:27,3
DA:30,3
DA:32,90
DA:34,3
DA:35,1
DA:36,1
DA:37,1
DA:38,1
DA:39,0
DA:43,1
DA:44,1
DA:49,3
DA:50,1
DA:51,1
DA:52,1
DA:53,0
DA:57,1
DA:58,1
DA:61,3
DA:62,2
DA:63,2
DA:71,2
DA:73,2
DA:75,0
DA:79,3
DA:80,1
DA:81,1
DA:82,1
DA:84,0
DA:88,3
DA:89,0
DA:91,0
DA:92,0
DA:94,0
DA:97,0
DA:100,3
DA:101,0
DA:102,0
DA:104,0
DA:105,0
DA:108,3
DA:109,0
DA:110,0
DA:112,0
DA:113,0
DA:116,3
DA:117,0
DA:118,0
DA:120,0
DA:121,0
DA:125,3
DA:126,0
DA:128,0
DA:129,0
DA:130,0
DA:132,0
DA:133,0
DA:134,0
DA:136,0
DA:137,0
DA:138,0
DA:142,0
LF:78
LH:46
BRDA:17,0,0,3
BRDA:17,0,1,3
BRDA:20,1,0,3
BRDA:20,1,1,3
BRDA:23,2,0,3
BRDA:23,2,1,3
BRDA:28,3,0,3
BRDA:28,3,1,3
BRDA:91,4,0,0
BRDA:91,4,1,0
BRDA:126,5,0,0
BRDA:126,5,1,0
BRDA:126,5,2,0
BRDA:126,5,3,0
BRDA:160,6,0,2
BRF:15
BRH:9
end_of_record
TN:
SF:src/views/MovieDetailView.tsx
FN:11,MovieDetailView
FN:24,(anonymous_2)
FN:28,(anonymous_3)
FN:41,(anonymous_4)
FN:43,(anonymous_5)
FNF:5
FNH:4
FNDA:2,MovieDetailView
FNDA:1,(anonymous_2)
FNDA:1,(anonymous_3)
FNDA:1,(anonymous_4)
FNDA:0,(anonymous_5)
DA:1,1
DA:2,1
DA:7,1
DA:9,1
DA:11,1
DA:12,2
DA:21,2
DA:22,2
DA:24,2
DA:25,1
DA:28,2
DA:29,1
DA:30,1
DA:32,1
DA:34,0
DA:35,0
DA:37,1
DA:41,2
DA:42,1
DA:43,1
DA:44,0
LF:21
LH:18
BRDA:32,0,0,1
BRDA:32,0,1,0
BRDA:42,1,0,1
BRDA:58,2,0,1
BRF:4
BRH:3
end_of_record
